9/1/2015 8:36:07 PM: Info: photo tagging
9/1/2015 8:36:08 PM: Info: D:\data\event.detection\lihao\2013-06-10-3013-06-14_qinghai_travel\SAM_0001.JPG -> D:\data\event.detection\lihao\2013-06-10-3013-06-14_qinghai_travel\SAM_0001.JPG.tagging.txt
9/1/2015 8:36:08 PM: Info: 931 ms
9/1/2015 8:45:43 PM: Info: photo tagging
9/1/2015 8:45:43 PM: Error 12: File not found: D:\data\event.detection\taomei\1047\2012-11-04
9/1/2015 8:45:43 PM: Info: photo tagging
9/1/2015 8:45:43 PM: Error 12: File not found: D:\data\event.detection\taomei\1047\2012-11-04
9/1/2015 8:45:44 PM: Info: photo tagging
9/1/2015 8:45:44 PM: Error 12: File not found: D:\data\event.detection\taomei\1047\2012-11-04
9/1/2015 8:45:44 PM: Info: photo tagging
9/1/2015 8:45:44 PM: Error 12: File not found: D:\data\event.detection\taomei\1047\2012-11-04
9/1/2015 8:45:44 PM: Info: photo tagging
9/1/2015 8:45:44 PM: Error 12: File not found: D:\data\event.detection\taomei\1047\2012-11-05
9/1/2015 8:45:44 PM: Info: photo tagging
9/1/2015 8:45:44 PM: Error 12: File not found: D:\data\event.detection\taomei\1047\2012-11-05
9/1/2015 8:46:26 PM: Info: photo tagging
9/1/2015 8:46:26 PM: Error 12: File not found: D:\data\event.detection\taomei\1047\2012-11-04
9/1/2015 8:46:26 PM: Info: photo tagging
9/1/2015 8:46:26 PM: Error 12: File not found: D:\data\event.detection\taomei\1047\2012-11-04
9/1/2015 8:47:11 PM: Info: photo tagging
9/1/2015 8:47:11 PM: Error 12: File not found: D:\data\event.detection\taomei\1047\2012-11-04
9/1/2015 8:47:11 PM: Info: photo tagging
9/1/2015 8:47:11 PM: Error 12: File not found: D:\data\event.detection\taomei\1047\2012-11-04
9/1/2015 8:47:11 PM: Info: photo tagging
9/1/2015 8:47:11 PM: Error 12: File not found: D:\data\event.detection\taomei\1047\2012-11-05
9/1/2015 8:47:11 PM: Info: photo tagging
9/1/2015 8:47:11 PM: Error 12: File not found: D:\data\event.detection\taomei\1047\2012-11-05
9/1/2015 8:49:08 PM: Info: photo tagging
9/1/2015 8:49:09 PM: Info: D:\data\event.detection\taomei\1047\2012-11-04 17.37.36.jpg -> D:\data\event.detection\taomei\1047\2012-11-04 17.37.36.jpg.tagging.txt
9/1/2015 8:49:09 PM: Info: 805 ms
